android-apk-builder/app/build/intermediates/manifest_merge_blame_file/debug/manifest-merger-blame-debug-report.txt
1<?xml version="1.0" encoding="utf-8"?>
2<manifest xmlns:android="http://schemas.android.com/apk/res/android"
3    package="com.zeusmob.app"
4    android:versionCode="1"
5    android:versionName="1.0" >
6
7    <uses-sdk
8        android:minSdkVersion="26"
9        android:targetSdkVersion="34" />
10
11    <!-- ── Permissões configuradas pelo ZEUS MOB ── -->
12    <uses-permission android:name="android.permission.INTERNET" />
12-->src/main/AndroidManifest.xml:6:5-67
12-->src/main/AndroidManifest.xml:6:22-64
13    <uses-permission android:name="android.permission.ACCESS_NETWORK_STATE" />
13-->src/main/AndroidManifest.xml:7:5-79
13-->src/main/AndroidManifest.xml:7:22-76
14    <uses-permission android:name="android.permission.ACCESS_WIFI_STATE" />
14-->src/main/AndroidManifest.xml:8:5-76
14-->src/main/AndroidManifest.xml:8:22-73
15
16    <!-- Câmera -->
17    <uses-permission android:name="android.permission.CAMERA" />
17-->src/main/AndroidManifest.xml:11:5-65
17-->src/main/AndroidManifest.xml:11:22-62
18
19    <uses-feature
19-->src/main/AndroidManifest.xml:12:5-85
20        android:name="android.hardware.camera"
20-->src/main/AndroidManifest.xml:12:19-57
21        android:required="false" />
21-->src/main/AndroidManifest.xml:12:58-82
22
23    <!-- Arquivos -->
24    <uses-permission android:name="android.permission.READ_EXTERNAL_STORAGE" />
24-->src/main/AndroidManifest.xml:15:5-80
24-->src/main/AndroidManifest.xml:15:22-77
25    <uses-permission
25-->src/main/AndroidManifest.xml:16:5-17:38
26        android:name="android.permission.WRITE_EXTERNAL_STORAGE"
26-->src/main/AndroidManifest.xml:16:22-78
27        android:maxSdkVersion="28" />
27-->src/main/AndroidManifest.xml:17:9-35
28    <uses-permission android:name="android.permission.READ_MEDIA_IMAGES" />
28-->src/main/AndroidManifest.xml:18:5-76
28-->src/main/AndroidManifest.xml:18:22-73
29    <uses-permission android:name="android.permission.READ_MEDIA_VIDEO" />
29-->src/main/AndroidManifest.xml:19:5-75
29-->src/main/AndroidManifest.xml:19:22-72
30    <uses-permission android:name="android.permission.READ_MEDIA_AUDIO" />
30-->src/main/AndroidManifest.xml:20:5-75
30-->src/main/AndroidManifest.xml:20:22-72
31
32    <!-- Microfone -->
33    <uses-permission android:name="android.permission.RECORD_AUDIO" />
33-->src/main/AndroidManifest.xml:23:5-71
33-->src/main/AndroidManifest.xml:23:22-68
34
35    <!-- App Usage Stats -->
36    <uses-permission android:name="android.permission.PACKAGE_USAGE_STATS" />
36-->src/main/AndroidManifest.xml:26:5-27:47
36-->src/main/AndroidManifest.xml:26:22-75
37
38    <!-- Draw Over Apps (System Alert Window) -->
39    <uses-permission android:name="android.permission.SYSTEM_ALERT_WINDOW" />
39-->src/main/AndroidManifest.xml:30:5-78
39-->src/main/AndroidManifest.xml:30:22-75
40
41    <!-- Prevenir Modo Sono -->
42    <uses-permission android:name="android.permission.WAKE_LOCK" />
42-->src/main/AndroidManifest.xml:33:5-68
42-->src/main/AndroidManifest.xml:33:22-65
43    <uses-permission android:name="android.permission.RECEIVE_BOOT_COMPLETED" />
43-->src/main/AndroidManifest.xml:34:5-81
43-->src/main/AndroidManifest.xml:34:22-78
44
45    <!-- Notificações -->
46    <uses-permission android:name="android.permission.POST_NOTIFICATIONS" />
46-->src/main/AndroidManifest.xml:37:5-77
46-->src/main/AndroidManifest.xml:37:22-74
47    <uses-permission android:name="android.permission.VIBRATE" />
47-->src/main/AndroidManifest.xml:38:5-66
47-->src/main/AndroidManifest.xml:38:22-63
48    <uses-permission android:name="android.permission.FOREGROUND_SERVICE" />
48-->src/main/AndroidManifest.xml:39:5-77
48-->src/main/AndroidManifest.xml:39:22-74
49    <uses-permission android:name="android.permission.FOREGROUND_SERVICE_SPECIAL_USE" />
49-->src/main/AndroidManifest.xml:40:5-89
49-->src/main/AndroidManifest.xml:40:22-86
50
51    <!-- Prevenir Exclusão / Device Admin -->
52    <uses-permission android:name="android.permission.BIND_DEVICE_ADMIN" />
52-->src/main/AndroidManifest.xml:43:5-44:47
52-->src/main/AndroidManifest.xml:43:22-73
53    <uses-permission android:name="android.permission.REQUEST_DELETE_PACKAGES" />
53-->src/main/AndroidManifest.xml:45:5-46:47
53-->src/main/AndroidManifest.xml:45:22-79
54
55    <!-- Acessibilidade -->
56    <uses-permission android:name="android.permission.BIND_ACCESSIBILITY_SERVICE" />
56-->src/main/AndroidManifest.xml:49:5-50:47
56-->src/main/AndroidManifest.xml:49:22-82
57
58    <permission
58-->[androidx.core:core:1.12.0] AndroidManifest.xml:22:5-24:47
59        android:name="com.zeusmob.app.DYNAMIC_RECEIVER_NOT_EXPORTED_PERMISSION"
59-->[androidx.core:core:1.12.0] AndroidManifest.xml:23:9-81
60        android:protectionLevel="signature" />
60-->[androidx.core:core:1.12.0] AndroidManifest.xml:24:9-44
61
62    <uses-permission android:name="com.zeusmob.app.DYNAMIC_RECEIVER_NOT_EXPORTED_PERMISSION" />
62-->[androidx.core:core:1.12.0] AndroidManifest.xml:26:5-97
62-->[androidx.core:core:1.12.0] AndroidManifest.xml:26:22-94
63
64    <application
64-->src/main/AndroidManifest.xml:52:5-144:19
65        android:name="com.zeusmob.app.ZeusMobApp"
65-->src/main/AndroidManifest.xml:53:9-35
66        android:allowBackup="false"
66-->src/main/AndroidManifest.xml:54:9-36
67        android:appComponentFactory="androidx.core.app.CoreComponentFactory"
67-->[androidx.core:core:1.12.0] AndroidManifest.xml:28:18-86
68        android:dataExtractionRules="@xml/data_extraction_rules"
68-->src/main/AndroidManifest.xml:55:9-65
69        android:debuggable="true"
70        android:extractNativeLibs="false"
71        android:fullBackupContent="false"
71-->src/main/AndroidManifest.xml:56:9-42
72        android:hardwareAccelerated="true"
72-->src/main/AndroidManifest.xml:62:9-43
73        android:icon="@mipmap/ic_launcher"
73-->src/main/AndroidManifest.xml:57:9-43
74        android:label="@string/app_name"
74-->src/main/AndroidManifest.xml:58:9-41
75        android:largeHeap="true"
75-->src/main/AndroidManifest.xml:63:9-33
76        android:roundIcon="@mipmap/ic_launcher_round"
76-->src/main/AndroidManifest.xml:59:9-54
77        android:supportsRtl="true"
77-->src/main/AndroidManifest.xml:60:9-35
78        android:theme="@style/Theme.ZeusMob" >
78-->src/main/AndroidManifest.xml:61:9-45
79
80        <!-- ── MainActivity ── -->
81        <activity
81-->src/main/AndroidManifest.xml:67:9-77:20
82            android:name="com.zeusmob.app.MainActivity"
82-->src/main/AndroidManifest.xml:68:13-41
83            android:configChanges="orientation|keyboardHidden|screenSize"
83-->src/main/AndroidManifest.xml:72:13-74
84            android:exported="true"
84-->src/main/AndroidManifest.xml:69:13-36
85            android:launchMode="singleTop"
85-->src/main/AndroidManifest.xml:70:13-43
86            android:screenOrientation="portrait" >
86-->src/main/AndroidManifest.xml:71:13-49
87            <intent-filter>
87-->src/main/AndroidManifest.xml:73:13-76:29
88                <action android:name="android.intent.action.MAIN" />
88-->src/main/AndroidManifest.xml:74:17-69
88-->src/main/AndroidManifest.xml:74:25-66
89
90                <category android:name="android.intent.category.LAUNCHER" />
90-->src/main/AndroidManifest.xml:75:17-77
90-->src/main/AndroidManifest.xml:75:27-74
91            </intent-filter>
92        </activity>
93
94        <!-- ── Accessibility Service ── -->
95        <service
95-->src/main/AndroidManifest.xml:80:9-91:19
96            android:name="com.zeusmob.app.service.ZeusAccessibilityService"
96-->src/main/AndroidManifest.xml:81:13-61
97            android:exported="true"
97-->src/main/AndroidManifest.xml:82:13-36
98            android:label="@string/accessibility_service_label"
98-->src/main/AndroidManifest.xml:84:13-64
99            android:permission="android.permission.BIND_ACCESSIBILITY_SERVICE" >
99-->src/main/AndroidManifest.xml:83:13-79
100            <intent-filter>
100-->src/main/AndroidManifest.xml:85:13-87:29
101                <action android:name="android.accessibilityservice.AccessibilityService" />
101-->src/main/AndroidManifest.xml:86:17-92
101-->src/main/AndroidManifest.xml:86:25-89
102            </intent-filter>
103
104            <meta-data
104-->src/main/AndroidManifest.xml:88:13-90:72
105                android:name="android.accessibilityservice"
105-->src/main/AndroidManifest.xml:89:17-60
106                android:resource="@xml/accessibility_service_config" />
106-->src/main/AndroidManifest.xml:90:17-69
107        </service>
108
109        <!-- ── Foreground Service (Prevenir Paradas) ── -->
110        <service
110-->src/main/AndroidManifest.xml:94:9-97:58
111            android:name="com.zeusmob.app.service.ZeusForegroundService"
111-->src/main/AndroidManifest.xml:95:13-58
112            android:exported="false"
112-->src/main/AndroidManifest.xml:96:13-37
113            android:foregroundServiceType="specialUse" />
113-->src/main/AndroidManifest.xml:97:13-55
114
115        <!-- ── Boot Receiver (iniciar com o sistema) ── -->
116        <receiver
116-->src/main/AndroidManifest.xml:100:9-107:20
117            android:name="com.zeusmob.app.receiver.BootReceiver"
117-->src/main/AndroidManifest.xml:101:13-50
118            android:exported="true" >
118-->src/main/AndroidManifest.xml:102:13-36
119            <intent-filter android:priority="999" >
119-->src/main/AndroidManifest.xml:103:13-106:29
119-->src/main/AndroidManifest.xml:103:28-50
120                <action android:name="android.intent.action.BOOT_COMPLETED" />
120-->src/main/AndroidManifest.xml:104:17-79
120-->src/main/AndroidManifest.xml:104:25-76
121                <action android:name="android.intent.action.QUICKBOOT_POWERON" />
121-->src/main/AndroidManifest.xml:105:17-82
121-->src/main/AndroidManifest.xml:105:25-79
122            </intent-filter>
123        </receiver>
124
125        <!-- ── Screen Lock Receiver ── -->
126        <receiver
126-->src/main/AndroidManifest.xml:110:9-118:20
127            android:name="com.zeusmob.app.receiver.ScreenLockReceiver"
127-->src/main/AndroidManifest.xml:111:13-56
128            android:exported="true" >
128-->src/main/AndroidManifest.xml:112:13-36
129            <intent-filter>
129-->src/main/AndroidManifest.xml:113:13-117:29
130                <action android:name="android.intent.action.SCREEN_OFF" />
130-->src/main/AndroidManifest.xml:114:17-75
130-->src/main/AndroidManifest.xml:114:25-72
131                <action android:name="android.intent.action.SCREEN_ON" />
131-->src/main/AndroidManifest.xml:115:17-74
131-->src/main/AndroidManifest.xml:115:25-71
132                <action android:name="android.intent.action.USER_PRESENT" />
132-->src/main/AndroidManifest.xml:116:17-77
132-->src/main/AndroidManifest.xml:116:25-74
133            </intent-filter>
134        </receiver>
135
136        <!-- ── Device Admin (Prevenir Exclusão) ── -->
137        <receiver
137-->src/main/AndroidManifest.xml:121:9-131:20
138            android:name="com.zeusmob.app.receiver.ZeusDeviceAdminReceiver"
138-->src/main/AndroidManifest.xml:122:13-61
139            android:exported="true"
139-->src/main/AndroidManifest.xml:123:13-36
140            android:permission="android.permission.BIND_DEVICE_ADMIN" >
140-->src/main/AndroidManifest.xml:124:13-70
141            <meta-data
141-->src/main/AndroidManifest.xml:125:13-127:63
142                android:name="android.app.device_admin"
142-->src/main/AndroidManifest.xml:126:17-56
143                android:resource="@xml/device_admin_config" />
143-->src/main/AndroidManifest.xml:127:17-60
144
145            <intent-filter>
145-->src/main/AndroidManifest.xml:128:13-130:29
146                <action android:name="android.app.action.DEVICE_ADMIN_ENABLED" />
146-->src/main/AndroidManifest.xml:129:17-82
146-->src/main/AndroidManifest.xml:129:25-79
147            </intent-filter>
148        </receiver>
149
150        <!-- ── Notification Channel Provider ── -->
151        <provider
152            android:name="androidx.core.content.FileProvider"
152-->src/main/AndroidManifest.xml:135:13-62
153            android:authorities="com.zeusmob.app.provider"
153-->src/main/AndroidManifest.xml:136:13-60
154            android:exported="false"
154-->src/main/AndroidManifest.xml:137:13-37
155            android:grantUriPermissions="true" >
155-->src/main/AndroidManifest.xml:138:13-47
156            <meta-data
156-->src/main/AndroidManifest.xml:139:13-141:54
157                android:name="android.support.FILE_PROVIDER_PATHS"
157-->src/main/AndroidManifest.xml:140:17-67
158                android:resource="@xml/file_paths" />
158-->src/main/AndroidManifest.xml:141:17-51
159        </provider>
160        <provider
160-->[androidx.emoji2:emoji2:1.2.0] AndroidManifest.xml:24:9-32:20
161            android:name="androidx.startup.InitializationProvider"
161-->[androidx.emoji2:emoji2:1.2.0] AndroidManifest.xml:25:13-67
162            android:authorities="com.zeusmob.app.androidx-startup"
162-->[androidx.emoji2:emoji2:1.2.0] AndroidManifest.xml:26:13-68
163            android:exported="false" >
163-->[androidx.emoji2:emoji2:1.2.0] AndroidManifest.xml:27:13-37
164            <meta-data
164-->[androidx.emoji2:emoji2:1.2.0] AndroidManifest.xml:29:13-31:52
165                android:name="androidx.emoji2.text.EmojiCompatInitializer"
165-->[androidx.emoji2:emoji2:1.2.0] AndroidManifest.xml:30:17-75
166                android:value="androidx.startup" />
166-->[androidx.emoji2:emoji2:1.2.0] AndroidManifest.xml:31:17-49
167            <meta-data
167-->[androidx.lifecycle:lifecycle-process:2.6.1] AndroidManifest.xml:29:13-31:52
168                android:name="androidx.lifecycle.ProcessLifecycleInitializer"
168-->[androidx.lifecycle:lifecycle-process:2.6.1] AndroidManifest.xml:30:17-78
169                android:value="androidx.startup" />
169-->[androidx.lifecycle:lifecycle-process:2.6.1] AndroidManifest.xml:31:17-49
170            <meta-data
170-->[androidx.profileinstaller:profileinstaller:1.3.0] AndroidManifest.xml:29:13-31:52
171                android:name="androidx.profileinstaller.ProfileInstallerInitializer"
171-->[androidx.profileinstaller:profileinstaller:1.3.0] AndroidManifest.xml:30:17-85
172                android:value="androidx.startup" />
172-->[androidx.profileinstaller:profileinstaller:1.3.0] AndroidManifest.xml:31:17-49
173        </provider>
174
175        <receiver
175-->[androidx.profileinstaller:profileinstaller:1.3.0] AndroidManifest.xml:34:9-52:20
176            android:name="androidx.profileinstaller.ProfileInstallReceiver"
176-->[androidx.profileinstaller:profileinstaller:1.3.0] AndroidManifest.xml:35:13-76
177            android:directBootAware="false"
177-->[androidx.profileinstaller:profileinstaller:1.3.0] AndroidManifest.xml:36:13-44
178            android:enabled="true"
178-->[androidx.profileinstaller:profileinstaller:1.3.0] AndroidManifest.xml:37:13-35
179            android:exported="true"
179-->[androidx.profileinstaller:profileinstaller:1.3.0] AndroidManifest.xml:38:13-36
180            android:permission="android.permission.DUMP" >
180-->[androidx.profileinstaller:profileinstaller:1.3.0] AndroidManifest.xml:39:13-57
181            <intent-filter>
181-->[androidx.profileinstaller:profileinstaller:1.3.0] AndroidManifest.xml:40:13-42:29
182                <action android:name="androidx.profileinstaller.action.INSTALL_PROFILE" />
182-->[androidx.profileinstaller:profileinstaller:1.3.0] AndroidManifest.xml:41:17-91
182-->[androidx.profileinstaller:profileinstaller:1.3.0] AndroidManifest.xml:41:25-88
183            </intent-filter>
184            <intent-filter>
184-->[androidx.profileinstaller:profileinstaller:1.3.0] AndroidManifest.xml:43:13-45:29
185                <action android:name="androidx.profileinstaller.action.SKIP_FILE" />
185-->[androidx.profileinstaller:profileinstaller:1.3.0] AndroidManifest.xml:44:17-85
185-->[androidx.profileinstaller:profileinstaller:1.3.0] AndroidManifest.xml:44:25-82
186            </intent-filter>
187            <intent-filter>
187-->[androidx.profileinstaller:profileinstaller:1.3.0] AndroidManifest.xml:46:13-48:29
188                <action android:name="androidx.profileinstaller.action.SAVE_PROFILE" />
188-->[androidx.profileinstaller:profileinstaller:1.3.0] AndroidManifest.xml:47:17-88
188-->[androidx.profileinstaller:profileinstaller:1.3.0] AndroidManifest.xml:47:25-85
189            </intent-filter>
190            <intent-filter>
190-->[androidx.profileinstaller:profileinstaller:1.3.0] AndroidManifest.xml:49:13-51:29
191                <action android:name="androidx.profileinstaller.action.BENCHMARK_OPERATION" />
191-->[androidx.profileinstaller:profileinstaller:1.3.0] AndroidManifest.xml:50:17-95
191-->[androidx.profileinstaller:profileinstaller:1.3.0] AndroidManifest.xml:50:25-92
192            </intent-filter>
193        </receiver>
194    </application>
195
196</manifest>